Performing C++ SOURCE FILE Test CMAKE_HAVE_LIBC_PTHREAD failed with the following output:
Change Dir: /Users/anton/AndroidStudioProjects/libs/spdlog/build/arm64-v8a/CMakeFiles/CMakeTmp

Run Build Command(s):/usr/bin/make cmTC_41499/fast && /Applications/Xcode.app/Contents/Developer/usr/bin/make  -f CMakeFiles/cmTC_41499.dir/build.make CMakeFiles/cmTC_41499.dir/build
Building CXX object CMakeFiles/cmTC_41499.dir/src.cxx.o
/Users/anton/Library/Android/sdk/ndk/23.1.7779620-2/toolchains/llvm/prebuilt/darwin-x86_64/bin/clang++ --target=aarch64-none-linux-android21 --gcc-toolchain=/Users/anton/Library/Android/sdk/ndk/23.1.7779620-2/toolchains/llvm/prebuilt/darwin-x86_64 --sysroot=/Users/anton/Library/Android/sdk/ndk/23.1.7779620-2/toolchains/llvm/prebuilt/darwin-x86_64/sysroot   -g -DANDROID -fdata-sections -ffunction-sections -funwind-tables -fstack-protector-strong -no-canonical-prefixes -D_FORTIFY_SOURCE=2 -Wformat -Werror=format-security  -DSPDLOG_COMPILED_LIB -DCMAKE_HAVE_LIBC_PTHREAD -fPIE -std=c++11 -o CMakeFiles/cmTC_41499.dir/src.cxx.o -c /Users/anton/AndroidStudioProjects/libs/spdlog/build/arm64-v8a/CMakeFiles/CMakeTmp/src.cxx
/Users/anton/AndroidStudioProjects/libs/spdlog/build/arm64-v8a/CMakeFiles/CMakeTmp/src.cxx:13:3: error: use of undeclared identifier 'pthread_cancel'
  pthread_cancel(thread);
  ^
1 error generated.
make[1]: *** [CMakeFiles/cmTC_41499.dir/src.cxx.o] Error 1
make: *** [cmTC_41499/fast] Error 2


Source file was:
#include <pthread.h>

void* test_func(void* data)
{
  return data;
}

int main(void)
{
  pthread_t thread;
  pthread_create(&thread, NULL, test_func, NULL);
  pthread_detach(thread);
  pthread_cancel(thread);
  pthread_join(thread, NULL);
  pthread_atfork(NULL, NULL, NULL);
  pthread_exit(NULL);

  return 0;
}

Determining if the function pthread_create exists in the pthreads failed with the following output:
Change Dir: /Users/anton/AndroidStudioProjects/libs/spdlog/build/arm64-v8a/CMakeFiles/CMakeTmp

Run Build Command(s):/usr/bin/make cmTC_c75cf/fast && /Applications/Xcode.app/Contents/Developer/usr/bin/make  -f CMakeFiles/cmTC_c75cf.dir/build.make CMakeFiles/cmTC_c75cf.dir/build
Building CXX object CMakeFiles/cmTC_c75cf.dir/CheckFunctionExists.cxx.o
/Users/anton/Library/Android/sdk/ndk/23.1.7779620-2/toolchains/llvm/prebuilt/darwin-x86_64/bin/clang++ --target=aarch64-none-linux-android21 --gcc-toolchain=/Users/anton/Library/Android/sdk/ndk/23.1.7779620-2/toolchains/llvm/prebuilt/darwin-x86_64 --sysroot=/Users/anton/Library/Android/sdk/ndk/23.1.7779620-2/toolchains/llvm/prebuilt/darwin-x86_64/sysroot   -g -DANDROID -fdata-sections -ffunction-sections -funwind-tables -fstack-protector-strong -no-canonical-prefixes -D_FORTIFY_SOURCE=2 -Wformat -Werror=format-security  -DSPDLOG_COMPILED_LIB -DCHECK_FUNCTION_EXISTS=pthread_create -fPIE -std=c++11 -o CMakeFiles/cmTC_c75cf.dir/CheckFunctionExists.cxx.o -c /Users/anton/AndroidStudioProjects/libs/spdlog/build/arm64-v8a/CMakeFiles/CheckLibraryExists/CheckFunctionExists.cxx
Linking CXX executable cmTC_c75cf
/Users/anton/Library/Android/sdk/cmake/3.18.1/bin/cmake -E cmake_link_script CMakeFiles/cmTC_c75cf.dir/link.txt --verbose=1
/Users/anton/Library/Android/sdk/ndk/23.1.7779620-2/toolchains/llvm/prebuilt/darwin-x86_64/bin/clang++ --target=aarch64-none-linux-android21 --gcc-toolchain=/Users/anton/Library/Android/sdk/ndk/23.1.7779620-2/toolchains/llvm/prebuilt/darwin-x86_64 --sysroot=/Users/anton/Library/Android/sdk/ndk/23.1.7779620-2/toolchains/llvm/prebuilt/darwin-x86_64/sysroot -g -DANDROID -fdata-sections -ffunction-sections -funwind-tables -fstack-protector-strong -no-canonical-prefixes -D_FORTIFY_SOURCE=2 -Wformat -Werror=format-security  -DSPDLOG_COMPILED_LIB -DCHECK_FUNCTION_EXISTS=pthread_create -static-libstdc++ -Wl,--build-id=sha1 -Wl,--no-rosegment -Wl,--fatal-warnings -Wl,--no-undefined -Qunused-arguments -Wl,--gc-sections   CMakeFiles/cmTC_c75cf.dir/CheckFunctionExists.cxx.o -o cmTC_c75cf  -lpthreads -latomic -lm 
ld: error: unable to find library -lpthreads
clang++: error: linker command failed with exit code 1 (use -v to see invocation)
make[1]: *** [cmTC_c75cf] Error 1
make: *** [cmTC_c75cf/fast] Error 2



Determining if the function pthread_create exists in the pthread failed with the following output:
Change Dir: /Users/anton/AndroidStudioProjects/libs/spdlog/build/arm64-v8a/CMakeFiles/CMakeTmp

Run Build Command(s):/usr/bin/make cmTC_84c0e/fast && /Applications/Xcode.app/Contents/Developer/usr/bin/make  -f CMakeFiles/cmTC_84c0e.dir/build.make CMakeFiles/cmTC_84c0e.dir/build
Building CXX object CMakeFiles/cmTC_84c0e.dir/CheckFunctionExists.cxx.o
/Users/anton/Library/Android/sdk/ndk/23.1.7779620-2/toolchains/llvm/prebuilt/darwin-x86_64/bin/clang++ --target=aarch64-none-linux-android21 --gcc-toolchain=/Users/anton/Library/Android/sdk/ndk/23.1.7779620-2/toolchains/llvm/prebuilt/darwin-x86_64 --sysroot=/Users/anton/Library/Android/sdk/ndk/23.1.7779620-2/toolchains/llvm/prebuilt/darwin-x86_64/sysroot   -g -DANDROID -fdata-sections -ffunction-sections -funwind-tables -fstack-protector-strong -no-canonical-prefixes -D_FORTIFY_SOURCE=2 -Wformat -Werror=format-security  -DSPDLOG_COMPILED_LIB -DCHECK_FUNCTION_EXISTS=pthread_create -fPIE -std=c++11 -o CMakeFiles/cmTC_84c0e.dir/CheckFunctionExists.cxx.o -c /Users/anton/AndroidStudioProjects/libs/spdlog/build/arm64-v8a/CMakeFiles/CheckLibraryExists/CheckFunctionExists.cxx
Linking CXX executable cmTC_84c0e
/Users/anton/Library/Android/sdk/cmake/3.18.1/bin/cmake -E cmake_link_script CMakeFiles/cmTC_84c0e.dir/link.txt --verbose=1
/Users/anton/Library/Android/sdk/ndk/23.1.7779620-2/toolchains/llvm/prebuilt/darwin-x86_64/bin/clang++ --target=aarch64-none-linux-android21 --gcc-toolchain=/Users/anton/Library/Android/sdk/ndk/23.1.7779620-2/toolchains/llvm/prebuilt/darwin-x86_64 --sysroot=/Users/anton/Library/Android/sdk/ndk/23.1.7779620-2/toolchains/llvm/prebuilt/darwin-x86_64/sysroot -g -DANDROID -fdata-sections -ffunction-sections -funwind-tables -fstack-protector-strong -no-canonical-prefixes -D_FORTIFY_SOURCE=2 -Wformat -Werror=format-security  -DSPDLOG_COMPILED_LIB -DCHECK_FUNCTION_EXISTS=pthread_create -static-libstdc++ -Wl,--build-id=sha1 -Wl,--no-rosegment -Wl,--fatal-warnings -Wl,--no-undefined -Qunused-arguments -Wl,--gc-sections   CMakeFiles/cmTC_84c0e.dir/CheckFunctionExists.cxx.o -o cmTC_84c0e  -lpthread -latomic -lm 
ld: error: unable to find library -lpthread
clang++: error: linker command failed with exit code 1 (use -v to see invocation)
make[1]: *** [cmTC_84c0e] Error 1
make: *** [cmTC_84c0e/fast] Error 2



